<?xml version="1.0" encoding="UTF-8"?>
<!-- Generated by org.testng.reporters.JUnitXMLReporter -->
<testsuite ignored="3" hostname="SL27" failures="1" tests="1" name="Default test" time="1.51" errors="0" timestamp="2026-03-02T10:03:19 IST">
  <testcase classname="apiTesting.GetBookinIdTest" name="queryParm" time="1.426">
    <failure type="java.lang.ClassCastException" message="class io.restassured.internal.RequestSpecificationImpl cannot be cast to class io.restassured.response.Response (io.restassured.internal.RequestSpecificationImpl and io.restassured.response.Response are in unnamed module of loader &amp;apos;app&amp;apos;)">
      <![CDATA[java.lang.ClassCastException: class io.restassured.internal.RequestSpecificationImpl cannot be cast to class io.restassured.response.Response (io.restassured.internal.RequestSpecificationImpl and io.restassured.response.Response are in unnamed module of loader 'app')
at apiTesting.GetBookinIdTest.queryParm(GetBookinIdTest.java:61)
at java.base/jdk.internal.reflect.NativeMethodAccessorImpl.invoke0(Native Method)
at java.base/jdk.internal.reflect.NativeMethodAccessorImpl.invoke(NativeMethodAccessorImpl.java:62)
at java.base/jdk.internal.reflect.DelegatingMethodAccessorImpl.invoke(DelegatingMethodAccessorImpl.java:43)
at java.base/java.lang.reflect.Method.invoke(Method.java:564)
at org.testng.internal.invokers.MethodInvocationHelper.invokeMethod(MethodInvocationHelper.java:141)
at org.testng.internal.invokers.TestInvoker.invokeMethod(TestInvoker.java:687)
at org.testng.internal.invokers.TestInvoker.invokeTestMethod(TestInvoker.java:230)
at org.testng.internal.invokers.MethodRunner.runInSequence(MethodRunner.java:63)
at org.testng.internal.invokers.TestInvoker$MethodInvocationAgent.invoke(TestInvoker.java:995)
at org.testng.internal.invokers.TestInvoker.invokeTestMethods(TestInvoker.java:203)
at org.testng.internal.invokers.TestMethodWorker.invokeTestMethods(TestMethodWorker.java:154)
at org.testng.internal.invokers.TestMethodWorker.run(TestMethodWorker.java:134)
at java.base/java.util.ArrayList.forEach(ArrayList.java:1511)
at org.testng.TestRunner.privateRun(TestRunner.java:741)
at org.testng.TestRunner.run(TestRunner.java:616)
at org.testng.SuiteRunner.runTest(SuiteRunner.java:421)
at org.testng.SuiteRunner.runSequentially(SuiteRunner.java:413)
at org.testng.SuiteRunner.privateRun(SuiteRunner.java:373)
at org.testng.SuiteRunner.run(SuiteRunner.java:312)
at org.testng.SuiteRunnerWorker.runSuite(SuiteRunnerWorker.java:52)
at org.testng.SuiteRunnerWorker.run(SuiteRunnerWorker.java:95)
at org.testng.TestNG.runSuitesSequentially(TestNG.java:1274)
at org.testng.TestNG.runSuitesLocally(TestNG.java:1208)
at org.testng.TestNG.runSuites(TestNG.java:1112)
at org.testng.TestNG.run(TestNG.java:1079)
at org.testng.remote.AbstractRemoteTestNG.run(AbstractRemoteTestNG.java:115)
at org.testng.remote.RemoteTestNG.initAndRun(RemoteTestNG.java:293)
at org.testng.remote.RemoteTestNG.main(RemoteTestNG.java:91)
]]>
    </failure>
  </testcase> <!-- queryParm -->
  <testcase classname="apiTesting.GetBookinIdTest" name="getBookingDetails" time="0.0">
    <ignored/>
  </testcase> <!-- getBookingDetails -->
  <testcase classname="apiTesting.GetBookinIdTest" name="getAllEndPoint" time="0.0">
    <ignored/>
  </testcase> <!-- getAllEndPoint -->
  <testcase classname="apiTesting.GetBookinIdTest" name="getAllBookings" time="0.0">
    <ignored/>
  </testcase> <!-- getAllBookings -->
</testsuite> <!-- Default test -->
