<?xml version="1.0" encoding="UTF-8"?>
<!-- Generated by org.testng.reporters.JUnitXMLReporter -->
<testsuite ignored="0" hostname="SL27" failures="0" tests="6" name="Test" time="13.026" errors="0" timestamp="2026-02-17T12:09:52 IST">
  <testcase classname="Par.SecondClass" name="Test2" time="9.015"/>
  <testcase classname="Par.SecondClass" name="Test1" time="9.05"/>
  <testcase classname="Par.Third" name="Test1" time="9.57"/>
  <testcase classname="Par.SecondClass" name="Test3" time="9.627"/>
  <testcase classname="Par.Third" name="Test2" time="10.323"/>
  <testcase classname="Par.Third" name="Test3" time="3.85"/>
</testsuite> <!-- Test -->
