<?xml version="1.0" encoding="UTF-8"?>
<!-- Generated by org.testng.reporters.JUnitXMLReporter -->
<testsuite ignored="0" hostname="SL27" failures="0" tests="6" name="Test" time="12.015" errors="0" timestamp="2026-02-17T12:25:22 IST">
  <testcase classname="Par.SecondClass" name="Test1" time="8.248"/>
  <testcase classname="Par.SecondClass" name="Test2" time="9.144"/>
  <testcase classname="Par.Third" name="Test2" time="9.08"/>
  <testcase classname="Par.Third" name="Test1" time="9.182"/>
  <testcase classname="Par.SecondClass" name="Test3" time="9.31"/>
  <testcase classname="Par.Third" name="Test3" time="3.616"/>
</testsuite> <!-- Test -->
