<?xml version="1.0" encoding="UTF-8"?>
<testsuite xmlns:xsi="http://www.w3.org/2001/XMLSchema-instance" xsi:noNamespaceSchemaLocation="https://maven.apache.org/surefire/maven-surefire-plugin/xsd/surefire-test-report.xsd" version="3.0.2" name="TestSuite" time="12.981" tests="6" errors="0" skipped="0" failures="0">
  <properties>
[...]
</properties>
  <testcase name="Test1" classname="Par.SecondClass" time="8.814">
    <system-out><![CDATA[Test1==> 17
]]></system-out>
    <system-err><![CDATA[SLF4J(W): No SLF4J providers were found.
SLF4J(W): Defaulting to no-operation (NOP) logger implementation
SLF4J(W): See https://www.slf4j.org/codes.html#noProviders for further details.
Feb 17, 2026 12:25:18 PM org.openqa.selenium.devtools.CdpVersionFinder findNearestMatch
WARNING: Unable to find an exact match for CDP version 144, returning the closest version; found: 142; Please update to a Selenium version that supports CDP version 144
]]></system-err>
  </testcase>
  <testcase name="Test2" classname="Par.SecondClass" time="0.232">
    <system-out><![CDATA[Test2==> 18
]]></system-out>
    <system-err><![CDATA[Feb 17, 2026 12:25:19 PM org.openqa.selenium.devtools.CdpVersionFinder findNearestMatch
WARNING: Unable to find an exact match for CDP version 144, returning the closest version; found: 142; Please update to a Selenium version that supports CDP version 144
]]></system-err>
  </testcase>
  <testcase name="Test3" classname="Par.SecondClass" time="0.456">
    <system-out><![CDATA[Test3 from par==> 19
]]></system-out>
    <system-err><![CDATA[Feb 17, 2026 12:25:19 PM org.openqa.selenium.devtools.CdpVersionFinder findNearestMatch
WARNING: Unable to find an exact match for CDP version 144, returning the closest version; found: 142; Please update to a Selenium version that supports CDP version 144
]]></system-err>
  </testcase>
  <testcase name="Test2" classname="Par.Third" time="0.287">
    <system-out><![CDATA[Test2==> 21
]]></system-out>
    <system-err><![CDATA[Feb 17, 2026 12:25:19 PM org.openqa.selenium.devtools.CdpVersionFinder findNearestMatch
WARNING: Unable to find an exact match for CDP version 145, returning the closest version; found: 142; Please update to a Selenium version that supports CDP version 145
]]></system-err>
  </testcase>
  <testcase name="Test1" classname="Par.Third" time="0.434">
    <system-out><![CDATA[Test1==> 20
]]></system-out>
    <system-err><![CDATA[Feb 17, 2026 12:25:19 PM org.openqa.selenium.devtools.CdpVersionFinder findNearestMatch
WARNING: Unable to find an exact match for CDP version 145, returning the closest version; found: 142; Please update to a Selenium version that supports CDP version 145
]]></system-err>
  </testcase>
  <testcase name="Test3" classname="Par.Third" time="2.998">
    <system-out><![CDATA[Test3 from par==> 17
]]></system-out>
    <system-err><![CDATA[Feb 17, 2026 12:25:22 PM org.openqa.selenium.devtools.CdpVersionFinder findNearestMatch
WARNING: Unable to find an exact match for CDP version 145, returning the closest version; found: 142; Please update to a Selenium version that supports CDP version 145
]]></system-err>
  </testcase>
</testsuite>