<?xml version="1.0" encoding="UTF-8"?>
<testng-results ignored="0" total="1" passed="1" failed="0" skipped="0">
  <reporter-output>
  </reporter-output>
  <suite started-at="2026-03-05T11:50:28 IST" name="Suite" finished-at="2026-03-05T11:50:37 IST" duration-ms="9061">
    <groups>
    </groups>
    <test started-at="2026-03-05T11:50:28 IST" name="Test" finished-at="2026-03-05T11:50:37 IST" duration-ms="9061">
      <class name="testscripts.ExtentReport">
        <test-method is-config="true" signature="setup()[pri:0, instance:testscripts.ExtentReport@1aafa419]" started-at="2026-03-05T11:50:28 IST" name="setup" finished-at="2026-03-05T11:50:32 IST" duration-ms="3863" status="PASS">
          <reporter-output>
          </reporter-output>
        </test-method> <!-- setup -->
        <test-method is-config="true" signature="setupExtent()[pri:0, instance:testscripts.ExtentReport@1aafa419]" started-at="2026-03-05T11:50:32 IST" name="setupExtent" finished-at="2026-03-05T11:50:32 IST" duration-ms="456" status="PASS">
          <reporter-output>
          </reporter-output>
        </test-method> <!-- setupExtent -->
        <test-method signature="LoginTest(java.lang.String,java.lang.String)[pri:0, instance:testscripts.ExtentReport@1aafa419]" started-at="2026-03-05T11:50:32 IST" name="LoginTest" data-provider="loginData" finished-at="2026-03-05T11:50:35 IST" duration-ms="3272" status="PASS">
          <params>
            <param index="0">
              <value>
                <![CDATA[standard_user]]>
              </value>
            </param>
            <param index="1">
              <value>
                <![CDATA[secret_sauce]]>
              </value>
            </param>
          </params>
          <reporter-output>
          </reporter-output>
        </test-method> <!-- LoginTest -->
        <test-method is-config="true" signature="teardown(org.testng.ITestResult)[pri:0, instance:testscripts.ExtentReport@1aafa419]" started-at="2026-03-05T11:50:35 IST" name="teardown" finished-at="2026-03-05T11:50:35 IST" duration-ms="137" status="PASS">
          <params>
            <param index="0">
              <value>
                <![CDATA[[TestResult name=LoginTest status=SUCCESS method=ExtentReport.LoginTest(java.lang.String,java.lang.String)[pri:0, instance:testscripts.ExtentReport@1aafa419] output={null}]]]>
              </value>
            </param>
          </params>
          <reporter-output>
          </reporter-output>
        </test-method> <!-- teardown -->
        <test-method is-config="true" signature="finishExtenet()[pri:0, instance:testscripts.ExtentReport@1aafa419]" started-at="2026-03-05T11:50:35 IST" name="finishExtenet" finished-at="2026-03-05T11:50:37 IST" duration-ms="1262" status="PASS">
          <reporter-output>
          </reporter-output>
        </test-method> <!-- finishExtenet -->
      </class> <!-- testscripts.ExtentReport -->
    </test> <!-- Test -->
  </suite> <!-- Suite -->
</testng-results>
