<?xml version="1.0" encoding="UTF-8"?>
<!-- Generated by org.testng.reporters.JUnitReportReporter -->
<testsuite hostname="SL27" failures="0" tests="6" name="testscripts.Datadrive" time="5.993" errors="0" timestamp="2026-02-18T12:07:43 IST" skipped="0">
  <testcase classname="testscripts.Datadrive" name="LoginTest" time="2.837"/>
  <testcase classname="testscripts.Datadrive" name="LoginTest" time="0.593"/>
  <testcase classname="testscripts.Datadrive" name="LoginTest" time="0.679"/>
  <testcase classname="testscripts.Datadrive" name="LoginTest" time="0.609"/>
  <testcase classname="testscripts.Datadrive" name="LoginTest" time="0.683"/>
  <testcase classname="testscripts.Datadrive" name="LoginTest" time="0.592"/>
</testsuite> <!-- testscripts.Datadrive -->
