<?xml version="1.0" encoding="UTF-8"?>
<!-- Generated by org.testng.reporters.JUnitReportReporter -->
<testsuite hostname="SL27" failures="0" tests="6" name="testscripts.ExtentReport$Datadrive" time="4.935" errors="0" timestamp="2026-02-19T09:28:11 IST" skipped="0">
  <testcase classname="testscripts.ExtentReport$Datadrive" name="LoginTest" time="2.625"/>
  <testcase classname="testscripts.ExtentReport$Datadrive" name="LoginTest" time="0.435"/>
  <testcase classname="testscripts.ExtentReport$Datadrive" name="LoginTest" time="0.448"/>
  <testcase classname="testscripts.ExtentReport$Datadrive" name="LoginTest" time="0.530"/>
  <testcase classname="testscripts.ExtentReport$Datadrive" name="LoginTest" time="0.458"/>
  <testcase classname="testscripts.ExtentReport$Datadrive" name="LoginTest" time="0.439"/>
</testsuite> <!-- testscripts.ExtentReport$Datadrive -->
